<?xml version="1.0" encoding="UTF-8"?>
<!-- Generated by org.testng.reporters.JUnitXMLReporter -->
<testsuite hostname="INFO-IN-LTP-061" ignored="0" name="Default test" tests="2" failures="0" timestamp="10 Jun 2022 08:26:32 GMT" time="120.464" errors="0">
  <testcase name="runScenario" time="26.529" classname="io.cucumber.testng.AbstractTestNGCucumberTests"/>
  <testcase name="runScenario" time="85.591" classname="io.cucumber.testng.AbstractTestNGCucumberTests"/>
</testsuite> <!-- Default test -->
