<?xml version="1.0" encoding="UTF-8"?>
<testng-results skipped="0" failed="0" ignored="0" total="2" passed="2">
  <reporter-output>
  </reporter-output>
  <suite name="Default suite" duration-ms="120464" started-at="2022-06-10T08:24:31Z" finished-at="2022-06-10T08:26:31Z">
    <groups>
      <group name="cucumber">
        <method signature="AbstractTestNGCucumberTests.runScenario(io.cucumber.testng.PickleWrapper, io.cucumber.testng.FeatureWrapper)[pri:0, instance:info.testrunner.TestRunner@5c671d7f]" name="runScenario" class="io.cucumber.testng.AbstractTestNGCucumberTests"/>
      </group> <!-- cucumber -->
    </groups>
    <test name="Default test" duration-ms="120464" started-at="2022-06-10T08:24:31Z" finished-at="2022-06-10T08:26:31Z">
      <class name="info.testrunner.TestRunner">
        <test-method status="PASS" signature="setUpClass()[pri:0, instance:info.testrunner.TestRunner@5c671d7f]" name="setUpClass" is-config="true" duration-ms="814" started-at="2022-06-10T08:24:31Z" finished-at="2022-06-10T08:24:32Z">
          <reporter-output>
          </reporter-output>
        </test-method> <!-- setUpClass -->
        <test-method status="PASS" signature="runScenario(io.cucumber.testng.PickleWrapper, io.cucumber.testng.FeatureWrapper)[pri:0, instance:info.testrunner.TestRunner@5c671d7f]" name="runScenario" duration-ms="26529" started-at="2022-06-10T08:24:32Z" description="Runs Cucumber Scenarios" data-provider="scenarios" finished-at="2022-06-10T08:24:58Z">
          <params>
            <param index="0">
              <value>
                <![CDATA["User login in to the application"]]>
              </value>
            </param>
            <param index="1">
              <value>
                <![CDATA["Optional[User login in to the application]"]]>
              </value>
            </param>
          </params>
          <reporter-output>
          </reporter-output>
        </test-method> <!-- runScenario -->
        <test-method status="PASS" signature="runScenario(io.cucumber.testng.PickleWrapper, io.cucumber.testng.FeatureWrapper)[pri:0, instance:info.testrunner.TestRunner@5c671d7f]" name="runScenario" duration-ms="85591" started-at="2022-06-10T08:24:59Z" description="Runs Cucumber Scenarios" data-provider="scenarios" finished-at="2022-06-10T08:26:24Z">
          <params>
            <param index="0">
              <value>
                <![CDATA["Verify the saved custom report for Master Report"]]>
              </value>
            </param>
            <param index="1">
              <value>
                <![CDATA["Optional[Verify the saved custom report]"]]>
              </value>
            </param>
          </params>
          <reporter-output>
          </reporter-output>
        </test-method> <!-- runScenario -->
        <test-method status="PASS" signature="tearDownClass()[pri:0, instance:info.testrunner.TestRunner@5c671d7f]" name="tearDownClass" is-config="true" duration-ms="7365" started-at="2022-06-10T08:26:24Z" finished-at="2022-06-10T08:26:31Z">
          <reporter-output>
          </reporter-output>
        </test-method> <!-- tearDownClass -->
      </class> <!-- info.testrunner.TestRunner -->
    </test> <!-- Default test -->
  </suite> <!-- Default suite -->
</testng-results>
